<?xml version="1.0" encoding="UTF-8"?>
<testng-results ignored="0" total="6" passed="6" failed="0" skipped="0">
  <reporter-output>
  </reporter-output>
  <suite started-at="2025-06-09T11:14:40 CST" name="Default suite" finished-at="2025-06-09T11:14:40 CST" duration-ms="36">
    <groups>
      <group name="Smoke">
        <method signature="TestNGDay1.demo1()[pri:0, instance:test.TestNGDay1@55183b20]" name="demo1" class="test.TestNGDay1"/>
      </group> <!-- Smoke -->
    </groups>
    <test started-at="2025-06-09T11:14:40 CST" name="Default test" finished-at="2025-06-09T11:14:40 CST" duration-ms="36">
      <class name="test.TestNGDay1">
        <test-method is-config="true" signature="beforeSuit()[pri:0, instance:test.TestNGDay1@55183b20]" started-at="2025-06-09T11:14:40 CST" name="beforeSuit" finished-at="2025-06-09T11:14:40 CST" duration-ms="6" status="PASS">
          <reporter-output>
          </reporter-output>
        </test-method> <!-- beforeSuit -->
        <test-method is-config="true" signature="preCondition()[pri:0, instance:test.TestNGDay1@55183b20]" started-at="2025-06-09T11:14:40 CST" name="preCondition" finished-at="2025-06-09T11:14:40 CST" duration-ms="0" status="PASS">
          <reporter-output>
          </reporter-output>
        </test-method> <!-- preCondition -->
        <test-method is-config="true" signature="beforeMethod()[pri:0, instance:test.TestNGDay1@55183b20]" started-at="2025-06-09T11:14:40 CST" name="beforeMethod" finished-at="2025-06-09T11:14:40 CST" duration-ms="0" status="PASS">
          <reporter-output>
          </reporter-output>
        </test-method> <!-- beforeMethod -->
        <test-method signature="demo1()[pri:0, instance:test.TestNGDay1@55183b20]" started-at="2025-06-09T11:14:40 CST" name="demo1" finished-at="2025-06-09T11:14:40 CST" duration-ms="3" status="PASS">
          <reporter-output>
          </reporter-output>
        </test-method> <!-- demo1 -->
        <test-method is-config="true" signature="afterMethod()[pri:0, instance:test.TestNGDay1@55183b20]" started-at="2025-06-09T11:14:40 CST" name="afterMethod" finished-at="2025-06-09T11:14:40 CST" duration-ms="0" status="PASS">
          <reporter-output>
          </reporter-output>
        </test-method> <!-- afterMethod -->
        <test-method signature="demo2()[pri:0, instance:test.TestNGDay1@55183b20]" started-at="2025-06-09T11:14:40 CST" name="demo2" finished-at="2025-06-09T11:14:40 CST" duration-ms="1" status="PASS">
          <reporter-output>
          </reporter-output>
        </test-method> <!-- demo2 -->
        <test-method is-config="true" signature="beforeMethod()[pri:0, instance:test.TestNGDay1@55183b20]" started-at="2025-06-09T11:14:40 CST" name="beforeMethod" finished-at="2025-06-09T11:14:40 CST" duration-ms="0" status="PASS">
          <reporter-output>
          </reporter-output>
        </test-method> <!-- beforeMethod -->
        <test-method is-config="true" signature="beforeMethod()[pri:0, instance:test.TestNGDay1@55183b20]" started-at="2025-06-09T11:14:40 CST" name="beforeMethod" finished-at="2025-06-09T11:14:40 CST" duration-ms="0" status="PASS">
          <reporter-output>
          </reporter-output>
        </test-method> <!-- beforeMethod -->
        <test-method is-config="true" signature="afterMethod()[pri:0, instance:test.TestNGDay1@55183b20]" started-at="2025-06-09T11:14:40 CST" name="afterMethod" finished-at="2025-06-09T11:14:40 CST" duration-ms="0" status="PASS">
          <reporter-output>
          </reporter-output>
        </test-method> <!-- afterMethod -->
        <test-method signature="methodForTestFail()[pri:0, instance:test.TestNGDay1@55183b20]" started-at="2025-06-09T11:14:40 CST" name="methodForTestFail" finished-at="2025-06-09T11:14:40 CST" duration-ms="1" status="PASS">
          <reporter-output>
          </reporter-output>
        </test-method> <!-- methodForTestFail -->
        <test-method is-config="true" signature="afterMethod()[pri:0, instance:test.TestNGDay1@55183b20]" started-at="2025-06-09T11:14:40 CST" name="afterMethod" finished-at="2025-06-09T11:14:40 CST" duration-ms="0" status="PASS">
          <reporter-output>
          </reporter-output>
        </test-method> <!-- afterMethod -->
        <test-method is-config="true" signature="beforeMethod()[pri:0, instance:test.TestNGDay1@55183b20]" started-at="2025-06-09T11:14:40 CST" name="beforeMethod" finished-at="2025-06-09T11:14:40 CST" duration-ms="1" status="PASS">
          <reporter-output>
          </reporter-output>
        </test-method> <!-- beforeMethod -->
        <test-method signature="pickDataProvider(java.lang.String,java.lang.String)[pri:0, instance:test.TestNGDay1@55183b20]" started-at="2025-06-09T11:14:40 CST" name="pickDataProvider" data-provider="loginCredentials" finished-at="2025-06-09T11:14:40 CST" duration-ms="1" status="PASS">
          <params>
            <param index="0">
              <value>
                <![CDATA[user1]]>
              </value>
            </param>
            <param index="1">
              <value>
                <![CDATA[pass1]]>
              </value>
            </param>
          </params>
          <reporter-output>
          </reporter-output>
        </test-method> <!-- pickDataProvider -->
        <test-method signature="pickDataProvider(java.lang.String,java.lang.String)[pri:0, instance:test.TestNGDay1@55183b20]" started-at="2025-06-09T11:14:40 CST" name="pickDataProvider" data-provider="loginCredentials" finished-at="2025-06-09T11:14:40 CST" duration-ms="1" status="PASS">
          <params>
            <param index="0">
              <value>
                <![CDATA[user2]]>
              </value>
            </param>
            <param index="1">
              <value>
                <![CDATA[pass2]]>
              </value>
            </param>
          </params>
          <reporter-output>
          </reporter-output>
        </test-method> <!-- pickDataProvider -->
        <test-method is-config="true" signature="afterMethod()[pri:0, instance:test.TestNGDay1@55183b20]" started-at="2025-06-09T11:14:40 CST" name="afterMethod" finished-at="2025-06-09T11:14:40 CST" duration-ms="0" status="PASS">
          <reporter-output>
          </reporter-output>
        </test-method> <!-- afterMethod -->
        <test-method is-config="true" signature="beforeMethod()[pri:0, instance:test.TestNGDay1@55183b20]" started-at="2025-06-09T11:14:40 CST" name="beforeMethod" finished-at="2025-06-09T11:14:40 CST" duration-ms="0" status="PASS">
          <reporter-output>
          </reporter-output>
        </test-method> <!-- beforeMethod -->
        <test-method is-config="true" signature="afterMethod()[pri:0, instance:test.TestNGDay1@55183b20]" started-at="2025-06-09T11:14:40 CST" name="afterMethod" finished-at="2025-06-09T11:14:40 CST" duration-ms="0" status="PASS">
          <reporter-output>
          </reporter-output>
        </test-method> <!-- afterMethod -->
        <test-method signature="pickDataProvider(java.lang.String,java.lang.String)[pri:0, instance:test.TestNGDay1@55183b20]" started-at="2025-06-09T11:14:40 CST" name="pickDataProvider" data-provider="loginCredentials" finished-at="2025-06-09T11:14:40 CST" duration-ms="0" status="PASS">
          <params>
            <param index="0">
              <value>
                <![CDATA[user3]]>
              </value>
            </param>
            <param index="1">
              <value>
                <![CDATA[pass3]]>
              </value>
            </param>
          </params>
          <reporter-output>
          </reporter-output>
        </test-method> <!-- pickDataProvider -->
        <test-method is-config="true" signature="beforeMethod()[pri:0, instance:test.TestNGDay1@55183b20]" started-at="2025-06-09T11:14:40 CST" name="beforeMethod" finished-at="2025-06-09T11:14:40 CST" duration-ms="0" status="PASS">
          <reporter-output>
          </reporter-output>
        </test-method> <!-- beforeMethod -->
        <test-method is-config="true" signature="afterMethod()[pri:0, instance:test.TestNGDay1@55183b20]" started-at="2025-06-09T11:14:40 CST" name="afterMethod" finished-at="2025-06-09T11:14:40 CST" duration-ms="0" status="PASS">
          <reporter-output>
          </reporter-output>
        </test-method> <!-- afterMethod -->
        <test-method is-config="true" signature="postCondition()[pri:0, instance:test.TestNGDay1@55183b20]" started-at="2025-06-09T11:14:40 CST" name="postCondition" finished-at="2025-06-09T11:14:40 CST" duration-ms="0" status="PASS">
          <reporter-output>
          </reporter-output>
        </test-method> <!-- postCondition -->
        <test-method is-config="true" signature="afterSuit()[pri:0, instance:test.TestNGDay1@55183b20]" started-at="2025-06-09T11:14:40 CST" name="afterSuit" finished-at="2025-06-09T11:14:40 CST" duration-ms="1" status="PASS">
          <reporter-output>
          </reporter-output>
        </test-method> <!-- afterSuit -->
      </class> <!-- test.TestNGDay1 -->
    </test> <!-- Default test -->
  </suite> <!-- Default suite -->
</testng-results>
