<?xml version="1.0" encoding="UTF-8"?>
<!-- Generated by org.testng.reporters.JUnitXMLReporter -->
<testsuite ignored="0" hostname="OF060J7VPJ40X6N" failures="0" tests="3" name="Default test" time="0.274" errors="0" timestamp="2025-06-09T12:29:32 CST">
  <testcase classname="org.sample.excelDataProvider.dataProvide" name="testCaseData" time="0.004"/>
  <testcase classname="org.sample.excelDataProvider.dataProvide" name="testCaseData" time="0.0"/>
  <testcase classname="org.sample.excelDataProvider.dataProvide" name="testCaseData" time="0.0"/>
</testsuite> <!-- Default test -->
