<?xml version="1.0" encoding="UTF-8"?>
<!-- Generated by org.testng.reporters.JUnitXMLReporter -->
<testsuite ignored="0" hostname="OF060J7VPJ40X6N" failures="0" tests="6" name="Default test" time="0.036" errors="0" timestamp="2025-06-09T11:14:40 CST">
  <testcase classname="test.TestNGDay1" name="demo1" time="0.003"/>
  <testcase classname="test.TestNGDay1" name="demo2" time="0.001"/>
  <testcase classname="test.TestNGDay1" name="methodForTestFail" time="0.001"/>
  <testcase classname="test.TestNGDay1" name="pickDataProvider" time="0.001"/>
  <testcase classname="test.TestNGDay1" name="pickDataProvider" time="0.001"/>
  <testcase classname="test.TestNGDay1" name="pickDataProvider" time="0.0"/>
</testsuite> <!-- Default test -->
