<?xml version="1.0" encoding="UTF-8"?>
<!-- Generated by org.testng.reporters.JUnitXMLReporter -->
<testsuite ignored="0" hostname="OF060J7VPJ40X6N" failures="2" tests="2" name="Test" time="0.026" errors="0" timestamp="2025-06-04T12:10:59 CST">
  <testcase classname="test.GoogleVirat" name="homePageClick" time="0.008">
    <failure type="java.lang.NoClassDefFoundError" message="org/openqa/selenium/remote/http/ConnectionFailedException">
      <![CDATA[java.lang.NoClassDefFoundError: org/openqa/selenium/remote/http/ConnectionFailedException
at test.GoogleVirat.homePageClick(GoogleVirat.java:25)
at java.base/java.util.concurrent.Executors$RunnableAdapter.call(Executors.java:572)
at java.base/java.util.concurrent.FutureTask.run(FutureTask.java:317)
at java.base/java.util.concurrent.ThreadPoolExecutor.runWorker(ThreadPoolExecutor.java:1144)
at java.base/java.util.concurrent.ThreadPoolExecutor$Worker.run(ThreadPoolExecutor.java:642)
at java.base/java.lang.Thread.run(Thread.java:1583)
Caused by: java.lang.ClassNotFoundException: org.openqa.selenium.remote.http.ConnectionFailedException
at java.base/jdk.internal.loader.BuiltinClassLoader.loadClass(BuiltinClassLoader.java:641)
at java.base/jdk.internal.loader.ClassLoaders$AppClassLoader.loadClass(ClassLoaders.java:188)
at java.base/java.lang.ClassLoader.loadClass(ClassLoader.java:526)
... 17 more
... Removed 11 stack frames]]>
    </failure>
  </testcase> <!-- homePageClick -->
  <testcase classname="test.GoogleTest" name="homePageClick" time="0.008">
    <failure type="java.lang.NoClassDefFoundError" message="org/openqa/selenium/remote/http/ConnectionFailedException">
      <![CDATA[java.lang.NoClassDefFoundError: org/openqa/selenium/remote/http/ConnectionFailedException
at test.GoogleTest.homePageClick(GoogleTest.java:25)
at java.base/java.util.concurrent.Executors$RunnableAdapter.call(Executors.java:572)
at java.base/java.util.concurrent.FutureTask.run(FutureTask.java:317)
at java.base/java.util.concurrent.ThreadPoolExecutor.runWorker(ThreadPoolExecutor.java:1144)
at java.base/java.util.concurrent.ThreadPoolExecutor$Worker.run(ThreadPoolExecutor.java:642)
at java.base/java.lang.Thread.run(Thread.java:1583)
Caused by: java.lang.ClassNotFoundException: org.openqa.selenium.remote.http.ConnectionFailedException
at java.base/jdk.internal.loader.BuiltinClassLoader.loadClass(BuiltinClassLoader.java:641)
at java.base/jdk.internal.loader.ClassLoaders$AppClassLoader.loadClass(ClassLoaders.java:188)
at java.base/java.lang.ClassLoader.loadClass(ClassLoader.java:526)
... 17 more
... Removed 11 stack frames]]>
    </failure>
  </testcase> <!-- homePageClick -->
</testsuite> <!-- Test -->
