<?xml version="1.0" encoding="UTF-8"?>
<!-- Generated by org.testng.reporters.JUnitXMLReporter -->
<testsuite ignored="0" hostname="OF060J7VPJ40X6N" failures="0" tests="9" name="Car Loan" time="0.071" errors="0" timestamp="2025-05-22T10:18:39 CST">
  <testcase classname="test.TestNGDay1C3" name="apiLoginCar" time="0.011"/>
  <testcase classname="test.TestNGDay1C4" name="apiLoginHome" time="0.012"/>
  <testcase classname="test.TestNGDay1C4" name="mobLoginHome" time="0.001"/>
  <testcase classname="test.TestNGDay1C3" name="chromeLogincar" time="0.001"/>
  <testcase classname="test.TestNGDay1C4" name="parameterTest" time="0.005"/>
  <testcase classname="test.TestNGDay1C3" name="mobLoginCar" time="0.008"/>
  <testcase classname="test.TestNGDay1C4" name="webLoginHome" time="0.003"/>
  <testcase classname="test.TestNGDay1C3" name="parameterTest" time="0.001"/>
  <testcase classname="test.TestNGDay1C3" name="webLoginCar" time="0.001"/>
</testsuite> <!-- Car Loan -->
