<?xml version="1.0" encoding="UTF-8"?>
<!-- Generated by org.testng.reporters.JUnitXMLReporter -->
<testsuite ignored="3" hostname="OF060J7VPJ40X6N" failures="0" tests="3" name="Loan" time="0.02" errors="0" timestamp="2025-05-21T12:39:24 CST">
  <testcase classname="test.TestNGDay1C3" name="mobLoginCar" time="0.003"/>
  <testcase classname="test.TestNGDay1C4" name="mobLoginHome" time="0.001"/>
  <testcase classname="test.TestNGDay1C4" name="webLoginHome" time="0.002"/>
  <testcase classname="test.TestNGDay1C4" name="apiLoginHome" time="0.0">
    <ignored/>
  </testcase> <!-- apiLoginHome -->
  <testcase classname="test.TestNGDay1C3" name="apiLoginCar" time="0.0">
    <ignored/>
  </testcase> <!-- apiLoginCar -->
  <testcase classname="test.TestNGDay1C3" name="webLoginCar" time="0.0">
    <ignored/>
  </testcase> <!-- webLoginCar -->
</testsuite> <!-- Loan -->
