<?xml version="1.0" encoding="UTF-8"?>
<!-- Generated by org.testng.reporters.JUnitXMLReporter -->
<testsuite ignored="0" hostname="OF060J7VPJ40X6N" failures="0" tests="5" name="Personal Loan" time="0.117" errors="0" timestamp="2025-05-21T12:21:26 CST">
  <testcase classname="test.TestNGDay1" name="demo1" time="0.024"/>
  <testcase classname="test.TestNGDay1" name="demo2" time="0.001"/>
  <testcase classname="test.TestNGDay1C2" name="apiLoginbank" time="0.004"/>
  <testcase classname="test.TestNGDay1C2" name="mobLoginbank" time="0.001"/>
  <testcase classname="test.TestNGDay1C2" name="webLoginBank" time="0.001"/>
</testsuite> <!-- Personal Loan -->
