<?xml version="1.0" encoding="UTF-8"?>
<testng-results ignored="0" total="2" passed="2" failed="0" skipped="0">
  <reporter-output>
  </reporter-output>
  <suite started-at="2025-06-04T12:27:25 CST" name="Suite" finished-at="2025-06-04T12:27:43 CST" duration-ms="17919">
    <groups>
    </groups>
    <test started-at="2025-06-04T12:27:25 CST" name="Test" finished-at="2025-06-04T12:27:43 CST" duration-ms="17919">
      <class name="anooppandey.tests.ZGridTestSachinOptions">
        <test-method signature="homePageClick()[pri:0, instance:anooppandey.tests.ZGridTestSachinOptions@c730b35]" started-at="2025-06-04T12:27:25 CST" name="homePageClick" finished-at="2025-06-04T12:27:43 CST" duration-ms="17904" status="PASS">
          <reporter-output>
          </reporter-output>
        </test-method> <!-- homePageClick -->
      </class> <!-- anooppandey.tests.ZGridTestSachinOptions -->
      <class name="anooppandey.tests.ZGridTestViratOptions">
        <test-method signature="homePageClick()[pri:0, instance:anooppandey.tests.ZGridTestViratOptions@54d9d12d]" started-at="2025-06-04T12:27:25 CST" name="homePageClick" finished-at="2025-06-04T12:27:34 CST" duration-ms="9306" status="PASS">
          <reporter-output>
          </reporter-output>
        </test-method> <!-- homePageClick -->
      </class> <!-- anooppandey.tests.ZGridTestViratOptions -->
    </test> <!-- Test -->
  </suite> <!-- Suite -->
</testng-results>
