<?xml version="1.0" encoding="UTF-8"?>
<!-- Generated by org.testng.reporters.JUnitXMLReporter -->
<testsuite ignored="0" hostname="OF060J7VPJ40X6N" failures="0" tests="4" name="Error Validation  Test" time="51.21" errors="0" timestamp="2025-05-30T12:43:32 CST">
  <testcase classname="anooppandey.tests.ErrorValidationsTest" name="loginErrorValidation" time="0.605"/>
  <testcase classname="anooppandey.tests.ErrorValidationsTest" name="loginErrorValidation" time="1.145"/>
  <testcase classname="anooppandey.tests.ErrorValidationsTest" name="productErrorValidation" time="4.465"/>
  <testcase classname="anooppandey.tests.ErrorValidationsTest" name="productErrorValidation" time="4.457"/>
</testsuite> <!-- Error Validation  Test -->
