<?xml version="1.0" encoding="UTF-8"?>
<!-- Generated by org.testng.reporters.JUnitXMLReporter -->
<testsuite ignored="0" hostname="OF060J7VPJ40X6N" failures="0" tests="4" name="Submit Order Test" time="66.045" errors="0" timestamp="2025-05-30T12:43:47 CST">
  <testcase classname="anooppandey.tests.SubmitOrderTest" name="submitOrder" time="5.469"/>
  <testcase classname="anooppandey.tests.SubmitOrderTest" name="submitOrder" time="5.469"/>
  <testcase classname="anooppandey.tests.SubmitOrderTest" name="orderHistorytest" time="2.7"/>
  <testcase classname="anooppandey.tests.SubmitOrderTest" name="orderHistorytest" time="2.659"/>
</testsuite> <!-- Submit Order Test -->
