<?xml version="1.0" encoding="UTF-8"?>
<testng-results ignored="0" total="1" passed="1" failed="0" skipped="0">
  <reporter-output>
  </reporter-output>
  <suite started-at="2025-05-27T19:57:57 CST" name="Default suite" finished-at="2025-05-27T19:58:11 CST" duration-ms="13713">
    <groups>
    </groups>
    <test started-at="2025-05-27T19:57:57 CST" name="Default test" finished-at="2025-05-27T19:58:11 CST" duration-ms="13713">
      <class name="anooppandey.ExtentReports.ExtentReportDemo">
        <test-method is-config="true" signature="config()[pri:0, instance:anooppandey.ExtentReports.ExtentReportDemo@515c6049]" started-at="2025-05-27T19:57:57 CST" name="config" finished-at="2025-05-27T19:57:58 CST" duration-ms="464" status="PASS">
          <reporter-output>
          </reporter-output>
        </test-method> <!-- config -->
        <test-method signature="initialDemo()[pri:0, instance:anooppandey.ExtentReports.ExtentReportDemo@515c6049]" started-at="2025-05-27T19:57:58 CST" name="initialDemo" finished-at="2025-05-27T19:58:11 CST" duration-ms="13184" status="PASS">
          <reporter-output>
          </reporter-output>
        </test-method> <!-- initialDemo -->
      </class> <!-- anooppandey.ExtentReports.ExtentReportDemo -->
    </test> <!-- Default test -->
  </suite> <!-- Default suite -->
</testng-results>
