<?xml version="1.0" encoding="UTF-8"?>
<testng-results ignored="0" total="3" passed="3" failed="0" skipped="0">
  <reporter-output>
  </reporter-output>
  <suite started-at="2025-06-09T12:29:32 CST" name="Default suite" finished-at="2025-06-09T12:29:32 CST" duration-ms="274">
    <groups>
    </groups>
    <test started-at="2025-06-09T12:29:32 CST" name="Default test" finished-at="2025-06-09T12:29:32 CST" duration-ms="274">
      <class name="org.sample.excelDataProvider.dataProvide">
        <test-method signature="testCaseData(java.lang.String,java.lang.String,java.lang.String)[pri:0, instance:org.sample.excelDataProvider.dataProvide@7502291e]" started-at="2025-06-09T12:29:32 CST" name="testCaseData" data-provider="driverTest" finished-at="2025-06-09T12:29:32 CST" duration-ms="4" status="PASS">
          <params>
            <param index="0">
              <value>
                <![CDATA[Hello]]>
              </value>
            </param>
            <param index="1">
              <value>
                <![CDATA[Text]]>
              </value>
            </param>
            <param index="2">
              <value>
                <![CDATA[1]]>
              </value>
            </param>
          </params>
          <reporter-output>
          </reporter-output>
        </test-method> <!-- testCaseData -->
        <test-method signature="testCaseData(java.lang.String,java.lang.String,java.lang.String)[pri:0, instance:org.sample.excelDataProvider.dataProvide@7502291e]" started-at="2025-06-09T12:29:32 CST" name="testCaseData" data-provider="driverTest" finished-at="2025-06-09T12:29:32 CST" duration-ms="0" status="PASS">
          <params>
            <param index="0">
              <value>
                <![CDATA[Bye]]>
              </value>
            </param>
            <param index="1">
              <value>
                <![CDATA[Message]]>
              </value>
            </param>
            <param index="2">
              <value>
                <![CDATA[143]]>
              </value>
            </param>
          </params>
          <reporter-output>
          </reporter-output>
        </test-method> <!-- testCaseData -->
        <test-method signature="testCaseData(java.lang.String,java.lang.String,java.lang.String)[pri:0, instance:org.sample.excelDataProvider.dataProvide@7502291e]" started-at="2025-06-09T12:29:32 CST" name="testCaseData" data-provider="driverTest" finished-at="2025-06-09T12:29:32 CST" duration-ms="0" status="PASS">
          <params>
            <param index="0">
              <value>
                <![CDATA[Solo]]>
              </value>
            </param>
            <param index="1">
              <value>
                <![CDATA[Call]]>
              </value>
            </param>
            <param index="2">
              <value>
                <![CDATA[119]]>
              </value>
            </param>
          </params>
          <reporter-output>
          </reporter-output>
        </test-method> <!-- testCaseData -->
      </class> <!-- org.sample.excelDataProvider.dataProvide -->
    </test> <!-- Default test -->
  </suite> <!-- Default suite -->
</testng-results>
